\BOOKMARK [0][-]{chapter*.1}{Pr\351ambule}{}% 1
\BOOKMARK [0][-]{chapter*.2}{Authentification}{}% 2
\BOOKMARK [0][-]{chapter*.3}{Cahier des charges}{}% 3
\BOOKMARK [0][-]{chapter.1}{Introduction}{}% 4
\BOOKMARK [1][-]{section.1.1}{Plan du document}{chapter.1}% 5
\BOOKMARK [0][-]{chapter.2}{Distribution}{}% 6
\BOOKMARK [1][-]{section.2.1}{Recherches}{chapter.2}% 7
\BOOKMARK [1][-]{section.2.2}{Sp\351cifications}{chapter.2}% 8
\BOOKMARK [2][-]{subsection.2.2.1}{Installateur}{section.2.2}% 9
\BOOKMARK [2][-]{subsection.2.2.2}{Scripts de centralisation}{section.2.2}% 10
\BOOKMARK [2][-]{subsection.2.2.3}{Notes et bot Telegram}{section.2.2}% 11
\BOOKMARK [1][-]{section.2.3}{Impl\351mentation}{chapter.2}% 12
\BOOKMARK [2][-]{subsection.2.3.1}{Script de centralisation}{section.2.3}% 13
\BOOKMARK [3][-]{subsubsection.2.3.1.1}{VPN}{subsection.2.3.1}% 14
\BOOKMARK [3][-]{subsubsection.2.3.1.2}{R\351seaux}{subsection.2.3.1}% 15
\BOOKMARK [3][-]{subsubsection.2.3.1.3}{Imprimante}{subsection.2.3.1}% 16
\BOOKMARK [3][-]{subsubsection.2.3.1.4}{eistore}{subsection.2.3.1}% 17
\BOOKMARK [2][-]{subsection.2.3.2}{Configuration de la distribution}{section.2.3}% 18
\BOOKMARK [1][-]{section.2.4}{Tests}{chapter.2}% 19
\BOOKMARK [0][-]{chapter.3}{Gestion de licences}{}% 20
\BOOKMARK [1][-]{section.3.1}{Recherches initiales}{chapter.3}% 21
\BOOKMARK [2][-]{subsection.3.1.1}{Ouverture d'une application}{section.3.1}% 22
\BOOKMARK [2][-]{subsection.3.1.2}{Interactions avec le filesystem}{section.3.1}% 23
\BOOKMARK [1][-]{section.3.2}{Sp\351cifications}{chapter.3}% 24
\BOOKMARK [2][-]{subsection.3.2.1}{Configuration du serveur}{section.3.2}% 25
\BOOKMARK [2][-]{subsection.3.2.2}{Client Web}{section.3.2}% 26
\BOOKMARK [2][-]{subsection.3.2.3}{Ouverture de l'application}{section.3.2}% 27
\BOOKMARK [2][-]{subsection.3.2.4}{Containerisation des application}{section.3.2}% 28
\BOOKMARK [2][-]{subsection.3.2.5}{Interactions avec le filesystem}{section.3.2}% 29
\BOOKMARK [1][-]{section.3.3}{Architecture}{chapter.3}% 30
\BOOKMARK [1][-]{section.3.4}{Impl\351mentation}{chapter.3}% 31
\BOOKMARK [2][-]{subsection.3.4.1}{Docker}{section.3.4}% 32
\BOOKMARK [2][-]{subsection.3.4.2}{Configuration du serveur}{section.3.4}% 33
\BOOKMARK [2][-]{subsection.3.4.3}{Configuration de guacamole}{section.3.4}% 34
\BOOKMARK [2][-]{subsection.3.4.4}{Site internet}{section.3.4}% 35
\BOOKMARK [1][-]{section.3.5}{Tests}{chapter.3}% 36
\BOOKMARK [2][-]{subsection.3.5.1}{Serveur}{section.3.5}% 37
\BOOKMARK [2][-]{subsection.3.5.2}{Docker}{section.3.5}% 38
\BOOKMARK [2][-]{subsection.3.5.3}{Guacamole}{section.3.5}% 39
\BOOKMARK [3][-]{subsubsection.3.5.3.1}{Client Guacamole}{subsection.3.5.3}% 40
\BOOKMARK [3][-]{subsubsection.3.5.3.2}{Site Internet et Guacamole}{subsection.3.5.3}% 41
\BOOKMARK [2][-]{subsection.3.5.4}{Site Internet}{section.3.5}% 42
\BOOKMARK [0][-]{chapter.4}{Conclusion}{}% 43
\BOOKMARK [1][-]{section.4.1}{Point de situation au terme du rendu interm\351diaire}{chapter.4}% 44
\BOOKMARK [0][-]{section.4.1}{Bibliographie}{}% 45
\BOOKMARK [0][-]{section*.15}{Glossaire}{}% 46
\BOOKMARK [0][-]{section*.17}{Acronymes}{}% 47
\BOOKMARK [0][-]{appendix.A}{Planning initial}{}% 48
\BOOKMARK [0][-]{appendix.B}{Planning final}{}% 49
\BOOKMARK [0][-]{appendix.C}{Documentation utilisateur}{}% 50
\BOOKMARK [0][-]{appendix.D}{Outils utilis\351s pour la cr\351ation et configuration de la distribution}{}% 51
\BOOKMARK [0][-]{appendix.E}{Outils utilis\351s pour la gestion de licenses}{}% 52
\BOOKMARK [0][-]{appendix.F}{Journal de travail}{}% 53
